Using pre-set license
Built from '2022.3/staging' branch; Version is '2022.3.13f1 (5f90a5ebde0f) revision 6262949'; Using compiler version '192829333'; Build Type 'Release'
OS: 'Windows 10  (10.0.19045) 64bit Core' Language: 'en' Physical Memory: 32710 MB
BatchMode: 1, IsHumanControllingUs: 0, StartBugReporterOnCrash: 0, Is64bit: 1, IsPro: 1

COMMAND LINE ARGUMENTS:
D:\Program Files\2022.3.13f1\Editor\Unity.exe
-adb2
-batchMode
-noUpm
-name
AssetImportWorker2
-projectPath
D:/Unity Projects/Diner Feeding
-logFile
Logs/AssetImportWorker2.log
-srvPort
61661
Successfully changed project path to: D:/Unity Projects/Diner Feeding
D:/Unity Projects/Diner Feeding
[UnityMemory] Configuration Parameters - Can be set up in boot.config
    "memorysetup-bucket-allocator-granularity=16"
    "memorysetup-bucket-allocator-bucket-count=8"
    "memorysetup-bucket-allocator-block-size=33554432"
    "memorysetup-bucket-allocator-block-count=8"
    "memorysetup-main-allocator-block-size=16777216"
    "memorysetup-thread-allocator-block-size=16777216"
    "memorysetup-gfx-main-allocator-block-size=16777216"
    "memorysetup-gfx-thread-allocator-block-size=16777216"
    "memorysetup-cache-allocator-block-size=4194304"
    "memorysetup-typetree-allocator-block-size=2097152"
    "memorysetup-profiler-bucket-allocator-granularity=16"
    "memorysetup-profiler-bucket-allocator-bucket-count=8"
    "memorysetup-profiler-bucket-allocator-block-size=33554432"
    "memorysetup-profiler-bucket-allocator-block-count=8"
    "memorysetup-profiler-allocator-block-size=16777216"
    "memorysetup-profiler-editor-allocator-block-size=1048576"
    "memorysetup-temp-allocator-size-main=16777216"
    "memorysetup-job-temp-allocator-block-size=2097152"
    "memorysetup-job-temp-allocator-block-size-background=1048576"
    "memorysetup-job-temp-allocator-reduction-small-platforms=262144"
    "memorysetup-allocator-temp-initial-block-size-main=262144"
    "memorysetup-allocator-temp-initial-block-size-worker=262144"
    "memorysetup-temp-allocator-size-background-worker=32768"
    "memorysetup-temp-allocator-size-job-worker=262144"
    "memorysetup-temp-allocator-size-preload-manager=33554432"
    "memorysetup-temp-allocator-size-nav-mesh-worker=65536"
    "memorysetup-temp-allocator-size-audio-worker=65536"
    "memorysetup-temp-allocator-size-cloud-worker=32768"
    "memorysetup-temp-allocator-size-gi-baking-worker=262144"
    "memorysetup-temp-allocator-size-gfx=262144"
Player connection [29864] Host "[IP] 192.168.86.36 [Port] 0 [Flags] 2 [Guid] 756015105 [EditorId] 756015105 [Version] 1048832 [Id] WindowsEditor(7,DESKTOP-ADRIAN) [Debug] 1 [PackageName] WindowsEditor [ProjectName] Editor" joined multi-casting on [225.0.0.222:54997]...

Player connection [29864] Host "[IP] 192.168.86.36 [Port] 0 [Flags] 2 [Guid] 756015105 [EditorId] 756015105 [Version] 1048832 [Id] WindowsEditor(7,DESKTOP-ADRIAN) [Debug] 1 [PackageName] WindowsEditor [ProjectName] Editor" joined alternative multi-casting on [225.0.0.222:34997]...

[Physics::Module] Initialized MultithreadedJobDispatcher with 11 workers.
Refreshing native plugins compatible for Editor in 15.85 ms, found 3 plugins.
Preloading 0 native plugins for Editor in 0.00 ms.
Initialize engine version: 2022.3.13f1 (5f90a5ebde0f)
[Subsystems] Discovering subsystems at path D:/Program Files/2022.3.13f1/Editor/Data/Resources/UnitySubsystems
[Subsystems] Discovering subsystems at path D:/Unity Projects/Diner Feeding/Assets
GfxDevice: creating device client; threaded=0; jobified=0
Direct3D:
    Version:  Direct3D 11.0 [level 11.1]
    Renderer: NVIDIA GeForce GTX 1050 Ti (ID=0x1c82)
    Vendor:   NVIDIA
    VRAM:     4017 MB
    Driver:   31.0.15.4601
Initialize mono
Mono path[0] = 'D:/Program Files/2022.3.13f1/Editor/Data/Managed'
Mono path[1] = 'D:/Program Files/2022.3.13f1/Editor/Data/MonoBleedingEdge/lib/mono/unityjit-win32'
Mono config path = 'D:/Program Files/2022.3.13f1/Editor/Data/MonoBleedingEdge/etc'
Using monoOptions --debugger-agent=transport=dt_socket,embedding=1,server=y,suspend=n,address=127.0.0.1:56156
Begin MonoManager ReloadAssembly
Registering precompiled unity dll's ...
Register platform support module: D:/Program Files/2022.3.13f1/Editor/Data/PlaybackEngines/WebGLSupport/UnityEditor.WebGL.Extensions.dll
Register platform support module: D:/Program Files/2022.3.13f1/Editor/Data/PlaybackEngines/WindowsStandaloneSupport/UnityEditor.WindowsStandalone.Extensions.dll
Registered in 0.021694 seconds.
- Loaded All Assemblies, in  0.405 seconds
Native extension for WindowsStandalone target not found
Native extension for WebGL target not found
Mono: successfully reloaded assembly
- Finished resetting the current domain, in  0.231 seconds
Domain Reload Profiling: 631ms
	BeginReloadAssembly (138ms)
		ExecutionOrderSort (0ms)
		DisableScriptedObjects (0ms)
		BackupInstance (0ms)
		ReleaseScriptingObjects (0ms)
		CreateAndSetChildDomain (3ms)
	RebuildCommonClasses (34ms)
	RebuildNativeTypeToScriptingClass (10ms)
	initialDomainReloadingComplete (82ms)
	LoadAllAssembliesAndSetupDomain (134ms)
		LoadAssemblies (131ms)
		RebuildTransferFunctionScriptingTraits (0ms)
		AnalyzeDomain (131ms)
			TypeCache.Refresh (130ms)
				TypeCache.ScanAssembly (117ms)
			ScanForSourceGeneratedMonoScriptInfo (0ms)
			ResolveRequiredComponents (0ms)
	FinalizeReload (232ms)
		ReleaseScriptCaches (0ms)
		RebuildScriptCaches (0ms)
		SetupLoadedEditorAssemblies (179ms)
			LogAssemblyErrors (0ms)
			InitializePlatformSupportModulesInManaged (14ms)
			SetLoadedEditorAssemblies (5ms)
			RefreshPlugins (0ms)
			BeforeProcessingInitializeOnLoad (2ms)
			ProcessInitializeOnLoadAttributes (115ms)
			ProcessInitializeOnLoadMethodAttributes (43ms)
			AfterProcessingInitializeOnLoad (0ms)
			EditorAssembliesLoaded (0ms)
		ExecutionOrderSort2 (0ms)
		AwakeInstancesAfterBackupRestoration (0ms)
========================================================================
Worker process is ready to serve import requests
Begin MonoManager ReloadAssembly
- Loaded All Assemblies, in  0.719 seconds
Refreshing native plugins compatible for Editor in 7.09 ms, found 3 plugins.
Native extension for WindowsStandalone target not found
Native extension for WebGL target not found
Package Manager log level set to [2]
[Package Manager] Server::EnsureServerProcessIsRunning -- launch failed, reason: Unity was launched with the -noUpm command-line argument
[Package Manager] UpmClient::Send -- Unable to send message (not connected to UPM process).
[Package Manager] Cannot connect to Unity Package Manager local server
Mono: successfully reloaded assembly
- Finished resetting the current domain, in  0.529 seconds
Domain Reload Profiling: 1239ms
	BeginReloadAssembly (168ms)
		ExecutionOrderSort (0ms)
		DisableScriptedObjects (5ms)
		BackupInstance (0ms)
		ReleaseScriptingObjects (0ms)
		CreateAndSetChildDomain (18ms)
	RebuildCommonClasses (33ms)
	RebuildNativeTypeToScriptingClass (10ms)
	initialDomainReloadingComplete (52ms)
	LoadAllAssembliesAndSetupDomain (447ms)
		LoadAssemblies (395ms)
		RebuildTransferFunctionScriptingTraits (0ms)
		AnalyzeDomain (161ms)
			TypeCache.Refresh (142ms)
				TypeCache.ScanAssembly (128ms)
			ScanForSourceGeneratedMonoScriptInfo (13ms)
			ResolveRequiredComponents (6ms)
	FinalizeReload (529ms)
		ReleaseScriptCaches (0ms)
		RebuildScriptCaches (0ms)
		SetupLoadedEditorAssemblies (399ms)
			LogAssemblyErrors (0ms)
			InitializePlatformSupportModulesInManaged (12ms)
			SetLoadedEditorAssemblies (3ms)
			RefreshPlugins (0ms)
			BeforeProcessingInitializeOnLoad (77ms)
			ProcessInitializeOnLoadAttributes (270ms)
			ProcessInitializeOnLoadMethodAttributes (19ms)
			AfterProcessingInitializeOnLoad (19ms)
			EditorAssembliesLoaded (0ms)
		ExecutionOrderSort2 (0ms)
		AwakeInstancesAfterBackupRestoration (6ms)
Launched and connected shader compiler UnityShaderCompiler.exe after 0.06 seconds
Refreshing native plugins compatible for Editor in 7.37 ms, found 3 plugins.
Preloading 0 native plugins for Editor in 0.00 ms.
Unloading 3114 Unused Serialized files (Serialized files now loaded: 0)
Unloading 32 unused Assets / (56.7 KB). Loaded Objects now: 3575.
Memory consumption went from 122.7 MB to 122.6 MB.
Total: 2.490100 ms (FindLiveObjects: 0.216300 ms CreateObjectMapping: 0.168500 ms MarkObjects: 2.025400 ms  DeleteObjects: 0.079000 ms)

AssetImportParameters requested are different than current active one (requested -> active):
  custom:container-demuxer-ogg: 62fdf1f143b41e24485cea50d1cbac27 -> 
  custom:video-decoder-ogg-theora: a1e56fd34408186e4bbccfd4996cb3dc -> 
  custom:framework-win-MediaFoundation: 216162199b28c13a410421893ffa2e32 -> 
  custom:CustomObjectIndexerAttribute: 756ad292c208cfabdd7b50bc23989ffe -> 
  custom:container-demuxer-webm: 4f35f7cbe854078d1ac9338744f61a02 -> 
  custom:container-muxer-webm: aa71ff27fc2769a1b78a27578f13a17b -> 
  custom:video-decoder-webm-vp8: 9c59270c3fd7afecdb556c50c9e8de78 -> 
  custom:SearchIndexIgnoredProperties: e643bd26f0fe6173181afceb89e7c659 -> 
  custom:AudioImporter_EditorPlatform: d09bf68614088b80899f8185d706f6e7 -> 
  custom:video-encoder-webm-vp8: eb34c28f22e8b96e1ab97ce403110664 -> 
  custom:audio-decoder-ogg-vorbis: bf7c407c2cedff20999df2af8eb42d56 -> 
  custom:audio-encoder-webm-vorbis: bf7c407c2cedff20999df2af8eb42d56 -> 
========================================================================
Received Import Request.
  Time since last request: 1502211.298730 seconds.
  path: Assets/Kevin Iglesias/Basic Motions/Prefabs
  artifactKey: Guid(09f81d62173a5e740ac94844bbe0316e) Importer(815301076,1909f56bfc062723c751e8b465ee728b)
Start importing Assets/Kevin Iglesias/Basic Motions/Prefabs using Guid(09f81d62173a5e740ac94844bbe0316e) Importer(815301076,1909f56bfc062723c751e8b465ee728b)  -> (artifact id: '9826567c64e3a8236abae68cb8b3ab6b') in 0.002852 seconds
Number of updated asset objects reloaded before import = 0
Number of asset objects unloaded after import = 0
========================================================================
Received Import Request.
  Time since last request: 0.071088 seconds.
  path: Assets/Kevin Iglesias/Basic Motions/Prefabs/BasicMotionsDummy.prefab
  artifactKey: Guid(7856c197eb4c77840878eba92e1c48b7) Importer(815301076,1909f56bfc062723c751e8b465ee728b)
Start importing Assets/Kevin Iglesias/Basic Motions/Prefabs/BasicMotionsDummy.prefab using Guid(7856c197eb4c77840878eba92e1c48b7) Importer(815301076,1909f56bfc062723c751e8b465ee728b)  -> (artifact id: '270e3169bf59de0fe6c8633bcf9fd346') in 0.268341 seconds
Number of updated asset objects reloaded before import = 0
Number of asset objects unloaded after import = 152
========================================================================
Received Import Request.
  Time since last request: 30.079738 seconds.
  path: Assets/CoffeeShopStarterPack
  artifactKey: Guid(b558cc0a9685c1348a4906ea036758d5) Importer(815301076,1909f56bfc062723c751e8b465ee728b)
Start importing Assets/CoffeeShopStarterPack using Guid(b558cc0a9685c1348a4906ea036758d5) Importer(815301076,1909f56bfc062723c751e8b465ee728b)  -> (artifact id: '5289428a251e971a64c3eb55775621e6') in 0.000700 seconds
Number of updated asset objects reloaded before import = 0
Number of asset objects unloaded after import = 0
========================================================================
Received Import Request.
  Time since last request: 1.559076 seconds.
  path: Assets/CoffeeShopStarterPack/Animations
  artifactKey: Guid(6f06c885f68e1475c8ca143144f4e940) Importer(815301076,1909f56bfc062723c751e8b465ee728b)
Start importing Assets/CoffeeShopStarterPack/Animations using Guid(6f06c885f68e1475c8ca143144f4e940) Importer(815301076,1909f56bfc062723c751e8b465ee728b)  -> (artifact id: '3e57a6dfea8d831268c3ae505a20418b') in 0.000552 seconds
Number of updated asset objects reloaded before import = 0
Number of asset objects unloaded after import = 0
========================================================================
Received Import Request.
  Time since last request: 0.920546 seconds.
  path: Assets/CoffeeShopStarterPack/Animations/dummy_animation_shake.anim
  artifactKey: Guid(67d522abed26040a1bfde5d8a07a6bf6) Importer(815301076,1909f56bfc062723c751e8b465ee728b)
Start importing Assets/CoffeeShopStarterPack/Animations/dummy_animation_shake.anim using Guid(67d522abed26040a1bfde5d8a07a6bf6) Importer(815301076,1909f56bfc062723c751e8b465ee728b)  -> (artifact id: '4cf705949a53e337d200e66a8201a046') in 0.001324 seconds
Number of updated asset objects reloaded before import = 0
Number of asset objects unloaded after import = 1
========================================================================
Received Import Request.
  Time since last request: 4.025319 seconds.
  path: Assets/CoffeeShopStarterPack/Animations/dummy_animation_target_filling.anim
  artifactKey: Guid(c6167ac61824c4c73860f8713902993c) Importer(815301076,1909f56bfc062723c751e8b465ee728b)
Start importing Assets/CoffeeShopStarterPack/Animations/dummy_animation_target_filling.anim using Guid(c6167ac61824c4c73860f8713902993c) Importer(815301076,1909f56bfc062723c751e8b465ee728b)  -> (artifact id: 'c224db72a4fc5df53399660e519f68f6') in 0.001442 seconds
Number of updated asset objects reloaded before import = 0
Number of asset objects unloaded after import = 1
========================================================================
Received Import Request.
  Time since last request: 1.381836 seconds.
  path: Assets/CoffeeShopStarterPack/Animations/dummy_animation_target_filling_Reversed.anim
  artifactKey: Guid(f209d427a0408407d8c282ee528a6786) Importer(815301076,1909f56bfc062723c751e8b465ee728b)
Start importing Assets/CoffeeShopStarterPack/Animations/dummy_animation_target_filling_Reversed.anim using Guid(f209d427a0408407d8c282ee528a6786) Importer(815301076,1909f56bfc062723c751e8b465ee728b)  -> (artifact id: 'f265a45cc4fa9fff2e7ff80f89aba3d8') in 0.001179 seconds
Number of updated asset objects reloaded before import = 0
Number of asset objects unloaded after import = 1
========================================================================
Received Import Request.
  Time since last request: 2.517180 seconds.
  path: Assets/CoffeeShopStarterPack/Animations/Dummy_Target.controller
  artifactKey: Guid(63f8d56ffdc9a40638b4985261fd4697) Importer(815301076,1909f56bfc062723c751e8b465ee728b)
Start importing Assets/CoffeeShopStarterPack/Animations/Dummy_Target.controller using Guid(63f8d56ffdc9a40638b4985261fd4697) Importer(815301076,1909f56bfc062723c751e8b465ee728b)  -> (artifact id: '7ed297b02b42f3ae58c18707d3fcadc5') in 0.002542 seconds
Number of updated asset objects reloaded before import = 0
Number of asset objects unloaded after import = 14
========================================================================
Received Import Request.
  Time since last request: 1.563112 seconds.
  path: Assets/CoffeeShopStarterPack/Materials/basic.mat
  artifactKey: Guid(c84dda17c95484eaca9d29a983138b14) Importer(815301076,1909f56bfc062723c751e8b465ee728b)
Start importing Assets/CoffeeShopStarterPack/Materials/basic.mat using Guid(c84dda17c95484eaca9d29a983138b14) Importer(815301076,1909f56bfc062723c751e8b465ee728b)  -> (artifact id: '62b1284465c90247ece57febbecb3419') in 0.136415 seconds
Number of updated asset objects reloaded before import = 0
Number of asset objects unloaded after import = 2
========================================================================
Received Import Request.
  Time since last request: 0.000018 seconds.
  path: Assets/CoffeeShopStarterPack/Materials/basic_plant.mat
  artifactKey: Guid(f54232aba16bf4b04ac8377906f459e6) Importer(815301076,1909f56bfc062723c751e8b465ee728b)
Start importing Assets/CoffeeShopStarterPack/Materials/basic_plant.mat using Guid(f54232aba16bf4b04ac8377906f459e6) Importer(815301076,1909f56bfc062723c751e8b465ee728b)  -> (artifact id: '04b45577504b01184f4c411d7e4811b5') in 0.013057 seconds
Number of updated asset objects reloaded before import = 0
Number of asset objects unloaded after import = 2
========================================================================
Received Import Request.
  Time since last request: 0.000022 seconds.
  path: Assets/CoffeeShopStarterPack/Materials/coffee_particle.mat
  artifactKey: Guid(c1bb14943d45a455a89a21f987e875f5) Importer(815301076,1909f56bfc062723c751e8b465ee728b)
Start importing Assets/CoffeeShopStarterPack/Materials/coffee_particle.mat using Guid(c1bb14943d45a455a89a21f987e875f5) Importer(815301076,1909f56bfc062723c751e8b465ee728b)  -> (artifact id: 'ae0f2a0d9770ee880612342094779d2f') in 0.257688 seconds
Number of updated asset objects reloaded before import = 0
Number of asset objects unloaded after import = 2
========================================================================
Received Import Request.
  Time since last request: 0.000018 seconds.
  path: Assets/CoffeeShopStarterPack/Materials/basic_red.mat
  artifactKey: Guid(81e4bf5ce797d4943a7747a1468f8fd1) Importer(815301076,1909f56bfc062723c751e8b465ee728b)
Start importing Assets/CoffeeShopStarterPack/Materials/basic_red.mat using Guid(81e4bf5ce797d4943a7747a1468f8fd1) Importer(815301076,1909f56bfc062723c751e8b465ee728b)  -> (artifact id: '70a3f03f20aba6032fa26445326c204e') in 0.182278 seconds
Number of updated asset objects reloaded before import = 0
Number of asset objects unloaded after import = 2
========================================================================
Received Import Request.
  Time since last request: 0.000054 seconds.
  path: Assets/CoffeeShopStarterPack/Materials/ScreenshotPlane.mat
  artifactKey: Guid(69cc12a77690846bd94466103faaa307) Importer(815301076,1909f56bfc062723c751e8b465ee728b)
Start importing Assets/CoffeeShopStarterPack/Materials/ScreenshotPlane.mat using Guid(69cc12a77690846bd94466103faaa307) Importer(815301076,1909f56bfc062723c751e8b465ee728b)  -> (artifact id: 'b33d6f783c1d1345ef09fc33c6c1beb2') in 0.080816 seconds
Number of updated asset objects reloaded before import = 0
Number of asset objects unloaded after import = 1
========================================================================
Received Import Request.
  Time since last request: 1.014118 seconds.
  path: Assets/CoffeeShopStarterPack/Models/PW_cheesecake_blueberry.fbx
  artifactKey: Guid(eed7e310319bd46fe93f17de3399735e) Importer(815301076,1909f56bfc062723c751e8b465ee728b)
Start importing Assets/CoffeeShopStarterPack/Models/PW_cheesecake_blueberry.fbx using Guid(eed7e310319bd46fe93f17de3399735e) Importer(815301076,1909f56bfc062723c751e8b465ee728b)  -> (artifact id: '87a61220d5c6b84314344650aaf55592') in 0.054265 seconds
Number of updated asset objects reloaded before import = 0
Number of asset objects unloaded after import = 10
========================================================================
Received Import Request.
  Time since last request: 0.000017 seconds.
  path: Assets/CoffeeShopStarterPack/Models/PW_cheesecake_strawberry.fbx
  artifactKey: Guid(7f923fda2c9af40558bca23c92ee1e1f) Importer(815301076,1909f56bfc062723c751e8b465ee728b)
Start importing Assets/CoffeeShopStarterPack/Models/PW_cheesecake_strawberry.fbx using Guid(7f923fda2c9af40558bca23c92ee1e1f) Importer(815301076,1909f56bfc062723c751e8b465ee728b)  -> (artifact id: 'd58dc202710e15427b260a8e1e279c43') in 0.019171 seconds
Number of updated asset objects reloaded before import = 0
Number of asset objects unloaded after import = 10
========================================================================
Received Import Request.
  Time since last request: 0.000015 seconds.
  path: Assets/CoffeeShopStarterPack/Models/PW_croissant.fbx
  artifactKey: Guid(0dde3021ca18047cf8bf8aad877283d2) Importer(815301076,1909f56bfc062723c751e8b465ee728b)
Start importing Assets/CoffeeShopStarterPack/Models/PW_croissant.fbx using Guid(0dde3021ca18047cf8bf8aad877283d2) Importer(815301076,1909f56bfc062723c751e8b465ee728b)  -> (artifact id: '253c22f82a0c83b986e9f7a4e771045d') in 0.014959 seconds
Number of updated asset objects reloaded before import = 0
Number of asset objects unloaded after import = 10
========================================================================
Received Import Request.
  Time since last request: 0.000017 seconds.
  path: Assets/CoffeeShopStarterPack/Models/PW_display03.fbx
  artifactKey: Guid(0460bc4a18a1e4183bbcb2af6a316112) Importer(815301076,1909f56bfc062723c751e8b465ee728b)
Start importing Assets/CoffeeShopStarterPack/Models/PW_display03.fbx using Guid(0460bc4a18a1e4183bbcb2af6a316112) Importer(815301076,1909f56bfc062723c751e8b465ee728b)  -> (artifact id: '7ecb8a5fde687f0b561c2848f4e07a49') in 0.027231 seconds
Number of updated asset objects reloaded before import = 0
Number of asset objects unloaded after import = 19
========================================================================
Received Import Request.
  Time since last request: 0.000012 seconds.
  path: Assets/CoffeeShopStarterPack/Models/PW_tea_pot.fbx
  artifactKey: Guid(067841f7e3e0d49719926a1347625bc1) Importer(815301076,1909f56bfc062723c751e8b465ee728b)
Start importing Assets/CoffeeShopStarterPack/Models/PW_tea_pot.fbx using Guid(067841f7e3e0d49719926a1347625bc1) Importer(815301076,1909f56bfc062723c751e8b465ee728b)  -> (artifact id: '1c26050fda944c79c4371e261405b584') in 0.016777 seconds
Number of updated asset objects reloaded before import = 0
Number of asset objects unloaded after import = 10
========================================================================
Received Import Request.
  Time since last request: 0.000018 seconds.
  path: Assets/CoffeeShopStarterPack/Models/PW_display04.fbx
  artifactKey: Guid(5dc54757a2d9e4639ac7264cf85a6ab0) Importer(815301076,1909f56bfc062723c751e8b465ee728b)
Start importing Assets/CoffeeShopStarterPack/Models/PW_display04.fbx using Guid(5dc54757a2d9e4639ac7264cf85a6ab0) Importer(815301076,1909f56bfc062723c751e8b465ee728b)  -> (artifact id: '6da4648b901304c45f45c385db86f291') in 0.023540 seconds
Number of updated asset objects reloaded before import = 0
Number of asset objects unloaded after import = 19
========================================================================
Received Import Request.
  Time since last request: 0.000017 seconds.
  path: Assets/CoffeeShopStarterPack/Models/PW_tea_cup02.fbx
  artifactKey: Guid(60f6fe9ffdb7146c3b195df2cdfb5555) Importer(815301076,1909f56bfc062723c751e8b465ee728b)
Start importing Assets/CoffeeShopStarterPack/Models/PW_tea_cup02.fbx using Guid(60f6fe9ffdb7146c3b195df2cdfb5555) Importer(815301076,1909f56bfc062723c751e8b465ee728b)  -> (artifact id: 'fc3c209a246dc50319511ee4f127c005') in 0.028008 seconds
Number of updated asset objects reloaded before import = 0
Number of asset objects unloaded after import = 24
========================================================================
Received Import Request.
  Time since last request: 0.000022 seconds.
  path: Assets/CoffeeShopStarterPack/Models/PW_display_cube.fbx
  artifactKey: Guid(7276eca7821664e98b34fb52692c3b8e) Importer(815301076,1909f56bfc062723c751e8b465ee728b)
Start importing Assets/CoffeeShopStarterPack/Models/PW_display_cube.fbx using Guid(7276eca7821664e98b34fb52692c3b8e) Importer(815301076,1909f56bfc062723c751e8b465ee728b)  -> (artifact id: '0fe7bb29f954bfd692978d9c4f54778e') in 0.025278 seconds
Number of updated asset objects reloaded before import = 0
Number of asset objects unloaded after import = 19
========================================================================
Received Import Request.
  Time since last request: 0.000012 seconds.
  path: Assets/CoffeeShopStarterPack/Models/PW_plate01.fbx
  artifactKey: Guid(11f590721e3924264bebcdf8ba152dd0) Importer(815301076,1909f56bfc062723c751e8b465ee728b)
Start importing Assets/CoffeeShopStarterPack/Models/PW_plate01.fbx using Guid(11f590721e3924264bebcdf8ba152dd0) Importer(815301076,1909f56bfc062723c751e8b465ee728b)  -> (artifact id: 'd9459a4da2c0f587e3ba5b7bcae9da09') in 0.014913 seconds
Number of updated asset objects reloaded before import = 0
Number of asset objects unloaded after import = 10
========================================================================
Received Import Request.
  Time since last request: 0.000016 seconds.
  path: Assets/CoffeeShopStarterPack/Models/PW_microwave.fbx
  artifactKey: Guid(d7f2ead0f57364e5bbcda9f679e509a0) Importer(815301076,1909f56bfc062723c751e8b465ee728b)
Start importing Assets/CoffeeShopStarterPack/Models/PW_microwave.fbx using Guid(d7f2ead0f57364e5bbcda9f679e509a0) Importer(815301076,1909f56bfc062723c751e8b465ee728b)  -> (artifact id: '6529d281c9a488a33efddd0c1463897b') in 0.033610 seconds
Number of updated asset objects reloaded before import = 0
Number of asset objects unloaded after import = 33
========================================================================
Received Import Request.
  Time since last request: 0.000023 seconds.
  path: Assets/CoffeeShopStarterPack/Models/PW_macaron_tower.fbx
  artifactKey: Guid(6e6c8be41f3d8436f9127c39d1c92ace) Importer(815301076,1909f56bfc062723c751e8b465ee728b)
Start importing Assets/CoffeeShopStarterPack/Models/PW_macaron_tower.fbx using Guid(6e6c8be41f3d8436f9127c39d1c92ace) Importer(815301076,1909f56bfc062723c751e8b465ee728b)  -> (artifact id: 'a1a1a3ed4ba3991ac38a16733b14e5f0') in 0.016845 seconds
Number of updated asset objects reloaded before import = 0
Number of asset objects unloaded after import = 10
========================================================================
Received Import Request.
  Time since last request: 0.000019 seconds.
  path: Assets/CoffeeShopStarterPack/Models/PW_espresso_cup.fbx
  artifactKey: Guid(8cf7e78c936024f5188a4948d67d992e) Importer(815301076,1909f56bfc062723c751e8b465ee728b)
Start importing Assets/CoffeeShopStarterPack/Models/PW_espresso_cup.fbx using Guid(8cf7e78c936024f5188a4948d67d992e) Importer(815301076,1909f56bfc062723c751e8b465ee728b)  -> (artifact id: '745d8c649e55c7d26cf6563005d1f78c') in 0.033542 seconds
Number of updated asset objects reloaded before import = 0
Number of asset objects unloaded after import = 30
========================================================================
Received Import Request.
  Time since last request: 0.000020 seconds.
  path: Assets/CoffeeShopStarterPack/Models/PW_Placeholder.fbx
  artifactKey: Guid(31761de8f36ba403eb8a9d9d92233a2f) Importer(815301076,1909f56bfc062723c751e8b465ee728b)
Start importing Assets/CoffeeShopStarterPack/Models/PW_Placeholder.fbx using Guid(31761de8f36ba403eb8a9d9d92233a2f) Importer(815301076,1909f56bfc062723c751e8b465ee728b)  -> (artifact id: 'd43f3690e47522e3518a5b1d01161564') in 0.014532 seconds
Number of updated asset objects reloaded before import = 0
Number of asset objects unloaded after import = 9
========================================================================
Received Import Request.
  Time since last request: 0.000020 seconds.
  path: Assets/CoffeeShopStarterPack/Models/PW_sculent02_M.fbx
  artifactKey: Guid(b315e0acd12c34f1593c52b121b36ccb) Importer(815301076,1909f56bfc062723c751e8b465ee728b)
Start importing Assets/CoffeeShopStarterPack/Models/PW_sculent02_M.fbx using Guid(b315e0acd12c34f1593c52b121b36ccb) Importer(815301076,1909f56bfc062723c751e8b465ee728b)  -> (artifact id: 'b1108292299f5f0cc73879b6389d8188') in 0.033385 seconds
Number of updated asset objects reloaded before import = 0
Number of asset objects unloaded after import = 30
========================================================================
Received Import Request.
  Time since last request: 0.000019 seconds.
  path: Assets/CoffeeShopStarterPack/Models/PW_frenchtoas_cherry_tomato.fbx
  artifactKey: Guid(381eb029d06ce4246b00b6361a470447) Importer(815301076,1909f56bfc062723c751e8b465ee728b)
Start importing Assets/CoffeeShopStarterPack/Models/PW_frenchtoas_cherry_tomato.fbx using Guid(381eb029d06ce4246b00b6361a470447) Importer(815301076,1909f56bfc062723c751e8b465ee728b)  -> (artifact id: 'b7c4ed34c0124c3e938760d0b238acc1') in 0.035472 seconds
Number of updated asset objects reloaded before import = 0
Number of asset objects unloaded after import = 30
========================================================================
Received Import Request.
  Time since last request: 0.000017 seconds.
  path: Assets/CoffeeShopStarterPack/Models/PW_cupboard02.fbx
  artifactKey: Guid(1b072438ce5b846ef8d514b9a45369f8) Importer(815301076,1909f56bfc062723c751e8b465ee728b)
Start importing Assets/CoffeeShopStarterPack/Models/PW_cupboard02.fbx using Guid(1b072438ce5b846ef8d514b9a45369f8) Importer(815301076,1909f56bfc062723c751e8b465ee728b)  -> (artifact id: '95cff3522711e7403907c804d182a2ff') in 0.030068 seconds
Number of updated asset objects reloaded before import = 0
Number of asset objects unloaded after import = 24
========================================================================
Received Import Request.
  Time since last request: 0.000028 seconds.
  path: Assets/CoffeeShopStarterPack/Models/PW_display01.fbx
  artifactKey: Guid(e40b5e93ab0944c83bdf360061b0dd37) Importer(815301076,1909f56bfc062723c751e8b465ee728b)
Start importing Assets/CoffeeShopStarterPack/Models/PW_display01.fbx using Guid(e40b5e93ab0944c83bdf360061b0dd37) Importer(815301076,1909f56bfc062723c751e8b465ee728b)  -> (artifact id: 'd90469e3605fdfe328c3474d154b7842') in 0.025308 seconds
Number of updated asset objects reloaded before import = 0
Number of asset objects unloaded after import = 19
========================================================================
Received Import Request.
  Time since last request: 0.000017 seconds.
  path: Assets/CoffeeShopStarterPack/Models/PW_stove.fbx
  artifactKey: Guid(9f0519225c65144c0b637b15dda857c8) Importer(815301076,1909f56bfc062723c751e8b465ee728b)
Start importing Assets/CoffeeShopStarterPack/Models/PW_stove.fbx using Guid(9f0519225c65144c0b637b15dda857c8) Importer(815301076,1909f56bfc062723c751e8b465ee728b)  -> (artifact id: 'f8726712a9d85fae1a3cee0a3ed4c660') in 0.043431 seconds
Number of updated asset objects reloaded before import = 0
Number of asset objects unloaded after import = 46
========================================================================
Received Import Request.
  Time since last request: 0.000018 seconds.
  path: Assets/CoffeeShopStarterPack/Models/PW_fridge.fbx
  artifactKey: Guid(0957c44b78442450698ef9b9265ad869) Importer(815301076,1909f56bfc062723c751e8b465ee728b)
Start importing Assets/CoffeeShopStarterPack/Models/PW_fridge.fbx using Guid(0957c44b78442450698ef9b9265ad869) Importer(815301076,1909f56bfc062723c751e8b465ee728b)  -> (artifact id: '0d81b597bc8af687df6d0ecf47191a87') in 0.031127 seconds
Number of updated asset objects reloaded before import = 0
Number of asset objects unloaded after import = 25
========================================================================
Received Import Request.
  Time since last request: 0.000016 seconds.
  path: Assets/CoffeeShopStarterPack/Models/PW_cup03.fbx
  artifactKey: Guid(4b94946eb51a14de2b21fd2198157b02) Importer(815301076,1909f56bfc062723c751e8b465ee728b)
Start importing Assets/CoffeeShopStarterPack/Models/PW_cup03.fbx using Guid(4b94946eb51a14de2b21fd2198157b02) Importer(815301076,1909f56bfc062723c751e8b465ee728b)  -> (artifact id: '50c79288e2af91bd7c63f0850de54c00') in 0.024364 seconds
Number of updated asset objects reloaded before import = 0
Number of asset objects unloaded after import = 18
========================================================================
Received Import Request.
  Time since last request: 0.000016 seconds.
  path: Assets/CoffeeShopStarterPack/Models/PW_display_cube02.fbx
  artifactKey: Guid(9911bb6161cb24661bf3177514e2008d) Importer(815301076,1909f56bfc062723c751e8b465ee728b)
Start importing Assets/CoffeeShopStarterPack/Models/PW_display_cube02.fbx using Guid(9911bb6161cb24661bf3177514e2008d) Importer(815301076,1909f56bfc062723c751e8b465ee728b)  -> (artifact id: 'ed7b1109c1dac50e103f5a817bc47bef') in 0.016596 seconds
Number of updated asset objects reloaded before import = 0
Number of asset objects unloaded after import = 10
========================================================================
Received Import Request.
  Time since last request: 0.000013 seconds.
  path: Assets/CoffeeShopStarterPack/Models/PW_lemonade.fbx
  artifactKey: Guid(a9f5ed3a8b3bd4799986201336a88d8c) Importer(815301076,1909f56bfc062723c751e8b465ee728b)
Start importing Assets/CoffeeShopStarterPack/Models/PW_lemonade.fbx using Guid(a9f5ed3a8b3bd4799986201336a88d8c) Importer(815301076,1909f56bfc062723c751e8b465ee728b)  -> (artifact id: 'd12cf4a029ba42301138efabd30394fd') in 0.030526 seconds
Number of updated asset objects reloaded before import = 0
Number of asset objects unloaded after import = 25
========================================================================
Received Import Request.
  Time since last request: 0.000012 seconds.
  path: Assets/CoffeeShopStarterPack/Models/PW_cup01.fbx
  artifactKey: Guid(89c2450bbaa1c476bbe11493cb92548f) Importer(815301076,1909f56bfc062723c751e8b465ee728b)
Start importing Assets/CoffeeShopStarterPack/Models/PW_cup01.fbx using Guid(89c2450bbaa1c476bbe11493cb92548f) Importer(815301076,1909f56bfc062723c751e8b465ee728b)  -> (artifact id: '808580f8d4c2ececa3e93a0f6ee0f7b9') in 0.024956 seconds
Number of updated asset objects reloaded before import = 0
Number of asset objects unloaded after import = 18
========================================================================
Received Import Request.
  Time since last request: 0.000012 seconds.
  path: Assets/CoffeeShopStarterPack/Models/PW_cup02.fbx
  artifactKey: Guid(53050a2a2cbdf45b38e0b675faa6f583) Importer(815301076,1909f56bfc062723c751e8b465ee728b)
Start importing Assets/CoffeeShopStarterPack/Models/PW_cup02.fbx using Guid(53050a2a2cbdf45b38e0b675faa6f583) Importer(815301076,1909f56bfc062723c751e8b465ee728b)  -> (artifact id: '08859934d61f41cf8ff611e2a53ee79d') in 0.023758 seconds
Number of updated asset objects reloaded before import = 0
Number of asset objects unloaded after import = 18
========================================================================
Received Import Request.
  Time since last request: 0.000018 seconds.
  path: Assets/CoffeeShopStarterPack/Models/PW_paper.fbx
  artifactKey: Guid(ae96dde4bc0d24a409fd17f0703b229f) Importer(815301076,1909f56bfc062723c751e8b465ee728b)
Start importing Assets/CoffeeShopStarterPack/Models/PW_paper.fbx using Guid(ae96dde4bc0d24a409fd17f0703b229f) Importer(815301076,1909f56bfc062723c751e8b465ee728b)  -> (artifact id: 'e0dee44c206c9bc269aa5b8d52c301d4') in 0.015704 seconds
Number of updated asset objects reloaded before import = 0
Number of asset objects unloaded after import = 10
========================================================================
Received Import Request.
  Time since last request: 0.000030 seconds.
  path: Assets/CoffeeShopStarterPack/Models/PW_pan.fbx
  artifactKey: Guid(cb4999d611c974ea6af045c027995b7f) Importer(815301076,1909f56bfc062723c751e8b465ee728b)
Start importing Assets/CoffeeShopStarterPack/Models/PW_pan.fbx using Guid(cb4999d611c974ea6af045c027995b7f) Importer(815301076,1909f56bfc062723c751e8b465ee728b)  -> (artifact id: '1387b8c18f1cfa4a5f51bb808aa5f53c') in 0.015558 seconds
Number of updated asset objects reloaded before import = 0
Number of asset objects unloaded after import = 10
========================================================================
Received Import Request.
  Time since last request: 0.000013 seconds.
  path: Assets/CoffeeShopStarterPack/Models/PW_frenchtoast_strawberry.fbx
  artifactKey: Guid(222ac09728f3b4b108ffe02260b42485) Importer(815301076,1909f56bfc062723c751e8b465ee728b)
Start importing Assets/CoffeeShopStarterPack/Models/PW_frenchtoast_strawberry.fbx using Guid(222ac09728f3b4b108ffe02260b42485) Importer(815301076,1909f56bfc062723c751e8b465ee728b)  -> (artifact id: 'eed05a03b4c1cfbff2cc1fc4701a455a') in 0.033905 seconds
Number of updated asset objects reloaded before import = 0
Number of asset objects unloaded after import = 30
========================================================================
Received Import Request.
  Time since last request: 3.101776 seconds.
  path: Assets/CoffeeShopStarterPack/Prefabs/OrderGenerator.prefab
  artifactKey: Guid(4dee7bea4c4584015894b8d911e97c4c) Importer(815301076,1909f56bfc062723c751e8b465ee728b)
Start importing Assets/CoffeeShopStarterPack/Prefabs/OrderGenerator.prefab using Guid(4dee7bea4c4584015894b8d911e97c4c) Importer(815301076,1909f56bfc062723c751e8b465ee728b)  -> (artifact id: '2d9ea9678479b6ae7fe0fc16daff03f2') in 0.027655 seconds
Number of updated asset objects reloaded before import = 0
Number of asset objects unloaded after import = 56
========================================================================
Received Import Request.
  Time since last request: 0.000013 seconds.
  path: Assets/CoffeeShopStarterPack/Prefabs/PW_microwave.prefab
  artifactKey: Guid(67b6bd8afc16f482b8cdff490a857fa8) Importer(815301076,1909f56bfc062723c751e8b465ee728b)
Start importing Assets/CoffeeShopStarterPack/Prefabs/PW_microwave.prefab using Guid(67b6bd8afc16f482b8cdff490a857fa8) Importer(815301076,1909f56bfc062723c751e8b465ee728b)  -> (artifact id: 'f9150ca6beeed4a35ee818a6c9bb9c04') in 0.013074 seconds
Number of updated asset objects reloaded before import = 0
Number of asset objects unloaded after import = 32
========================================================================
Received Import Request.
  Time since last request: 0.000015 seconds.
  path: Assets/CoffeeShopStarterPack/Prefabs/PW_sculent02_M.prefab
  artifactKey: Guid(57d0183927158465caf394ee21052bb5) Importer(815301076,1909f56bfc062723c751e8b465ee728b)
Start importing Assets/CoffeeShopStarterPack/Prefabs/PW_sculent02_M.prefab using Guid(57d0183927158465caf394ee21052bb5) Importer(815301076,1909f56bfc062723c751e8b465ee728b)  -> (artifact id: '43c08a844139dc20b42c5d7071eb9ef2') in 0.012806 seconds
Number of updated asset objects reloaded before import = 0
Number of asset objects unloaded after import = 30
========================================================================
Received Import Request.
  Time since last request: 0.000014 seconds.
  path: Assets/CoffeeShopStarterPack/Prefabs/PW_frenchtoast_egg.prefab
  artifactKey: Guid(d69ebb5455c17482da6677eadea7a231) Importer(815301076,1909f56bfc062723c751e8b465ee728b)
Start importing Assets/CoffeeShopStarterPack/Prefabs/PW_frenchtoast_egg.prefab using Guid(d69ebb5455c17482da6677eadea7a231) Importer(815301076,1909f56bfc062723c751e8b465ee728b)  -> (artifact id: '07b3af4536877d7b26ecacd90ccc2867') in 0.011488 seconds
Number of updated asset objects reloaded before import = 0
Number of asset objects unloaded after import = 24
========================================================================
Received Import Request.
  Time since last request: 0.000024 seconds.
  path: Assets/CoffeeShopStarterPack/Prefabs/PW_display01.prefab
  artifactKey: Guid(fbbf1aaff00e94748a4a8f9d6a37714d) Importer(815301076,1909f56bfc062723c751e8b465ee728b)
Start importing Assets/CoffeeShopStarterPack/Prefabs/PW_display01.prefab using Guid(fbbf1aaff00e94748a4a8f9d6a37714d) Importer(815301076,1909f56bfc062723c751e8b465ee728b)  -> (artifact id: '18e2b1921bbfe542bf9a62e98ea9dc6a') in 0.013143 seconds
Number of updated asset objects reloaded before import = 0
Number of asset objects unloaded after import = 19
========================================================================
Received Import Request.
  Time since last request: 0.000014 seconds.
  path: Assets/CoffeeShopStarterPack/Prefabs/PW_fridge.prefab
  artifactKey: Guid(05fa88b4fa377418eaac0976b320709e) Importer(815301076,1909f56bfc062723c751e8b465ee728b)
Start importing Assets/CoffeeShopStarterPack/Prefabs/PW_fridge.prefab using Guid(05fa88b4fa377418eaac0976b320709e) Importer(815301076,1909f56bfc062723c751e8b465ee728b)  -> (artifact id: 'e756d08a40738058415e304e7d434e84') in 0.013179 seconds
Number of updated asset objects reloaded before import = 0
Number of asset objects unloaded after import = 25
========================================================================
Received Import Request.
  Time since last request: 0.000014 seconds.
  path: Assets/CoffeeShopStarterPack/Prefabs/PW_display_cube.prefab
  artifactKey: Guid(5090b9010d8ca4476a4f9b1315906d61) Importer(815301076,1909f56bfc062723c751e8b465ee728b)
Start importing Assets/CoffeeShopStarterPack/Prefabs/PW_display_cube.prefab using Guid(5090b9010d8ca4476a4f9b1315906d61) Importer(815301076,1909f56bfc062723c751e8b465ee728b)  -> (artifact id: 'b4e7d989d5eafb08d38ffa72ee960df3') in 0.014052 seconds
Number of updated asset objects reloaded before import = 0
Number of asset objects unloaded after import = 19
========================================================================
Received Import Request.
  Time since last request: 0.000017 seconds.
  path: Assets/CoffeeShopStarterPack/Prefabs/PW_cupboard_corner.prefab
  artifactKey: Guid(2c04cf954647e43589c56b0df4058564) Importer(815301076,1909f56bfc062723c751e8b465ee728b)
Start importing Assets/CoffeeShopStarterPack/Prefabs/PW_cupboard_corner.prefab using Guid(2c04cf954647e43589c56b0df4058564) Importer(815301076,1909f56bfc062723c751e8b465ee728b)  -> (artifact id: '216256c55a74fec0c65337221b55c728') in 0.011721 seconds
Number of updated asset objects reloaded before import = 0
Number of asset objects unloaded after import = 10
========================================================================
Received Import Request.
  Time since last request: 0.000021 seconds.
  path: Assets/CoffeeShopStarterPack/Prefabs/PW_display_cube02.prefab
  artifactKey: Guid(446c50f18dcf54a6f8feb4113c421b9e) Importer(815301076,1909f56bfc062723c751e8b465ee728b)
Start importing Assets/CoffeeShopStarterPack/Prefabs/PW_display_cube02.prefab using Guid(446c50f18dcf54a6f8feb4113c421b9e) Importer(815301076,1909f56bfc062723c751e8b465ee728b)  -> (artifact id: 'bd5f01533e1bd3ca3f166a70ef48a5f3') in 0.012269 seconds
Number of updated asset objects reloaded before import = 0
Number of asset objects unloaded after import = 10
========================================================================
Received Import Request.
  Time since last request: 0.000019 seconds.
  path: Assets/CoffeeShopStarterPack/Prefabs/PW_lemonade.prefab
  artifactKey: Guid(7b9e9044605a04568a0c9d41cebd7913) Importer(815301076,1909f56bfc062723c751e8b465ee728b)
Start importing Assets/CoffeeShopStarterPack/Prefabs/PW_lemonade.prefab using Guid(7b9e9044605a04568a0c9d41cebd7913) Importer(815301076,1909f56bfc062723c751e8b465ee728b)  -> (artifact id: '212a5dda1833ffe7adfdf980cd12887e') in 0.013294 seconds
Number of updated asset objects reloaded before import = 0
Number of asset objects unloaded after import = 25
========================================================================
Received Import Request.
  Time since last request: 0.000025 seconds.
  path: Assets/CoffeeShopStarterPack/Prefabs/PW_espressomachine.prefab
  artifactKey: Guid(a0634ab2a98bd4b78af017c116badda5) Importer(815301076,1909f56bfc062723c751e8b465ee728b)
Start importing Assets/CoffeeShopStarterPack/Prefabs/PW_espressomachine.prefab using Guid(a0634ab2a98bd4b78af017c116badda5) Importer(815301076,1909f56bfc062723c751e8b465ee728b)  -> (artifact id: '4cf2724f6ddfcfaa5ebfe17edc647747') in 0.012409 seconds
Number of updated asset objects reloaded before import = 0
Number of asset objects unloaded after import = 19
========================================================================
Received Import Request.
  Time since last request: 0.000021 seconds.
  path: Assets/CoffeeShopStarterPack/Prefabs/PW_cupcake_chocolattechips.prefab
  artifactKey: Guid(5e6527792754e41d48aec14c1dafd8af) Importer(815301076,1909f56bfc062723c751e8b465ee728b)
Start importing Assets/CoffeeShopStarterPack/Prefabs/PW_cupcake_chocolattechips.prefab using Guid(5e6527792754e41d48aec14c1dafd8af) Importer(815301076,1909f56bfc062723c751e8b465ee728b)  -> (artifact id: 'dc0b2579b089e302bc268f9ca52d9c5d') in 0.011565 seconds
Number of updated asset objects reloaded before import = 0
Number of asset objects unloaded after import = 10
========================================================================
Received Import Request.
  Time since last request: 0.000013 seconds.
  path: Assets/CoffeeShopStarterPack/Prefabs/PW_display02.prefab
  artifactKey: Guid(a053e34ccc3a9480ca81efece4e7cfa9) Importer(815301076,1909f56bfc062723c751e8b465ee728b)
Start importing Assets/CoffeeShopStarterPack/Prefabs/PW_display02.prefab using Guid(a053e34ccc3a9480ca81efece4e7cfa9) Importer(815301076,1909f56bfc062723c751e8b465ee728b)  -> (artifact id: '991dca18de4a80ca3ec3ec7c54e0b4b8') in 0.012235 seconds
Number of updated asset objects reloaded before import = 0
Number of asset objects unloaded after import = 19
========================================================================
Received Import Request.
  Time since last request: 0.000012 seconds.
  path: Assets/CoffeeShopStarterPack/Prefabs/PW_croissant.prefab
  artifactKey: Guid(9007700338d194bd18e3086f4600a7ea) Importer(815301076,1909f56bfc062723c751e8b465ee728b)
Start importing Assets/CoffeeShopStarterPack/Prefabs/PW_croissant.prefab using Guid(9007700338d194bd18e3086f4600a7ea) Importer(815301076,1909f56bfc062723c751e8b465ee728b)  -> (artifact id: 'ab45d15a339d60eb17ae6527c85695d8') in 0.012763 seconds
Number of updated asset objects reloaded before import = 0
Number of asset objects unloaded after import = 10
========================================================================
Received Import Request.
  Time since last request: 0.000014 seconds.
  path: Assets/CoffeeShopStarterPack/Prefabs/PW_cup01.prefab
  artifactKey: Guid(8d57f19c265de49429f0074af4e75232) Importer(815301076,1909f56bfc062723c751e8b465ee728b)
Start importing Assets/CoffeeShopStarterPack/Prefabs/PW_cup01.prefab using Guid(8d57f19c265de49429f0074af4e75232) Importer(815301076,1909f56bfc062723c751e8b465ee728b)  -> (artifact id: 'e76f098379f56f55ac4d1ffca6dc668b') in 0.012841 seconds
Number of updated asset objects reloaded before import = 0
Number of asset objects unloaded after import = 18
========================================================================
Received Import Request.
  Time since last request: 0.000015 seconds.
  path: Assets/CoffeeShopStarterPack/Prefabs/PW_cupcake_oreo.prefab
  artifactKey: Guid(7c313b72ae95e4454901041fa86d8984) Importer(815301076,1909f56bfc062723c751e8b465ee728b)
Start importing Assets/CoffeeShopStarterPack/Prefabs/PW_cupcake_oreo.prefab using Guid(7c313b72ae95e4454901041fa86d8984) Importer(815301076,1909f56bfc062723c751e8b465ee728b)  -> (artifact id: 'fc3ef775c8515fa0c324a4c209902afe') in 0.012492 seconds
Number of updated asset objects reloaded before import = 0
Number of asset objects unloaded after import = 10
========================================================================
Received Import Request.
  Time since last request: 0.000020 seconds.
  path: Assets/CoffeeShopStarterPack/Prefabs/PW_croissant_toserve.prefab
  artifactKey: Guid(b4ed931ca91f741b6a600b8a20639eed) Importer(815301076,1909f56bfc062723c751e8b465ee728b)
Start importing Assets/CoffeeShopStarterPack/Prefabs/PW_croissant_toserve.prefab using Guid(b4ed931ca91f741b6a600b8a20639eed) Importer(815301076,1909f56bfc062723c751e8b465ee728b)  -> (artifact id: '811b0b1ae566d8a0ff720fe93341a04a') in 0.012190 seconds
Number of updated asset objects reloaded before import = 0
Number of asset objects unloaded after import = 30
========================================================================
Received Import Request.
  Time since last request: 0.000019 seconds.
  path: Assets/CoffeeShopStarterPack/Prefabs/PW_doughnut_blackNwhite.prefab
  artifactKey: Guid(80b8d62454dc44cf2984af37c98f941e) Importer(815301076,1909f56bfc062723c751e8b465ee728b)
Start importing Assets/CoffeeShopStarterPack/Prefabs/PW_doughnut_blackNwhite.prefab using Guid(80b8d62454dc44cf2984af37c98f941e) Importer(815301076,1909f56bfc062723c751e8b465ee728b)  -> (artifact id: 'd4ccccf7c08e23125ce41903be6bb5c6') in 0.011678 seconds
Number of updated asset objects reloaded before import = 0
Number of asset objects unloaded after import = 10
========================================================================
Received Import Request.
  Time since last request: 0.000017 seconds.
  path: Assets/CoffeeShopStarterPack/Prefabs/PW_cupboard_narrow.prefab
  artifactKey: Guid(b8c3087888fc448acb63e643fea215d3) Importer(815301076,1909f56bfc062723c751e8b465ee728b)
Start importing Assets/CoffeeShopStarterPack/Prefabs/PW_cupboard_narrow.prefab using Guid(b8c3087888fc448acb63e643fea215d3) Importer(815301076,1909f56bfc062723c751e8b465ee728b)  -> (artifact id: '0aa762d0b936579c7cd01a24e224b8b7') in 0.014617 seconds
Number of updated asset objects reloaded before import = 0
Number of asset objects unloaded after import = 24
========================================================================
Received Import Request.
  Time since last request: 0.000014 seconds.
  path: Assets/CoffeeShopStarterPack/Prefabs/PW_toast_cheese.prefab
  artifactKey: Guid(8ba0ff2adae60496aac6d2b5df996d23) Importer(815301076,1909f56bfc062723c751e8b465ee728b)
Start importing Assets/CoffeeShopStarterPack/Prefabs/PW_toast_cheese.prefab using Guid(8ba0ff2adae60496aac6d2b5df996d23) Importer(815301076,1909f56bfc062723c751e8b465ee728b)  -> (artifact id: '27a0b24b098802f1507257920db7ea2c') in 0.014236 seconds
Number of updated asset objects reloaded before import = 0
Number of asset objects unloaded after import = 30
========================================================================
Received Import Request.
  Time since last request: 0.000015 seconds.
  path: Assets/CoffeeShopStarterPack/Prefabs/PW_cupboard01.prefab
  artifactKey: Guid(31264236aa69f49fba6ca492242bd217) Importer(815301076,1909f56bfc062723c751e8b465ee728b)
Start importing Assets/CoffeeShopStarterPack/Prefabs/PW_cupboard01.prefab using Guid(31264236aa69f49fba6ca492242bd217) Importer(815301076,1909f56bfc062723c751e8b465ee728b)  -> (artifact id: '6e8cbfdda368a133d4d7a8b1a870a213') in 0.013525 seconds
Number of updated asset objects reloaded before import = 0
Number of asset objects unloaded after import = 36
========================================================================
Received Import Request.
  Time since last request: 0.000014 seconds.
  path: Assets/CoffeeShopStarterPack/Prefabs/PW_tea_cup01.prefab
  artifactKey: Guid(cb5347f407bce459e92511942fdca089) Importer(815301076,1909f56bfc062723c751e8b465ee728b)
Start importing Assets/CoffeeShopStarterPack/Prefabs/PW_tea_cup01.prefab using Guid(cb5347f407bce459e92511942fdca089) Importer(815301076,1909f56bfc062723c751e8b465ee728b)  -> (artifact id: '344cb3c0c05c3e89ade05431a94ccd58') in 0.011984 seconds
Number of updated asset objects reloaded before import = 0
Number of asset objects unloaded after import = 24
========================================================================
Received Import Request.
  Time since last request: 0.000016 seconds.
  path: Assets/CoffeeShopStarterPack/Prefabs/PW_cupboard02.prefab
  artifactKey: Guid(af9cdd9ba10234507875bb32ff50333b) Importer(815301076,1909f56bfc062723c751e8b465ee728b)
Start importing Assets/CoffeeShopStarterPack/Prefabs/PW_cupboard02.prefab using Guid(af9cdd9ba10234507875bb32ff50333b) Importer(815301076,1909f56bfc062723c751e8b465ee728b)  -> (artifact id: 'ac19dd9388a7bfd4e7505d2e8d4d6a7c') in 0.011734 seconds
Number of updated asset objects reloaded before import = 0
Number of asset objects unloaded after import = 24
========================================================================
Received Import Request.
  Time since last request: 0.000021 seconds.
  path: Assets/CoffeeShopStarterPack/Prefabs/PW_paper.prefab
  artifactKey: Guid(2e244810fcf8442c2ae5cd7b1f494341) Importer(815301076,1909f56bfc062723c751e8b465ee728b)
Start importing Assets/CoffeeShopStarterPack/Prefabs/PW_paper.prefab using Guid(2e244810fcf8442c2ae5cd7b1f494341) Importer(815301076,1909f56bfc062723c751e8b465ee728b)  -> (artifact id: '214e062a53181f3b16a56057b2f37ef6') in 0.011170 seconds
Number of updated asset objects reloaded before import = 0
Number of asset objects unloaded after import = 10
========================================================================
Received Import Request.
  Time since last request: 3.721524 seconds.
  path: Assets/CoffeeShopStarterPack/Prefabs/Bewerage
  artifactKey: Guid(2393b3bb831dd43eebbf82a7a9b88ecf) Importer(815301076,1909f56bfc062723c751e8b465ee728b)
Start importing Assets/CoffeeShopStarterPack/Prefabs/Bewerage using Guid(2393b3bb831dd43eebbf82a7a9b88ecf) Importer(815301076,1909f56bfc062723c751e8b465ee728b)  -> (artifact id: '8fe6e692040c76afff7a6c38a1bb88d1') in 0.000588 seconds
Number of updated asset objects reloaded before import = 0
Number of asset objects unloaded after import = 0
========================================================================
Received Import Request.
  Time since last request: 0.165380 seconds.
  path: Assets/CoffeeShopStarterPack/Prefabs/Bewerage/bewerage_particle.prefab
  artifactKey: Guid(24b576300b1c842b4acd7a3755cae2d9) Importer(815301076,1909f56bfc062723c751e8b465ee728b)
Start importing Assets/CoffeeShopStarterPack/Prefabs/Bewerage/bewerage_particle.prefab using Guid(24b576300b1c842b4acd7a3755cae2d9) Importer(815301076,1909f56bfc062723c751e8b465ee728b)  -> (artifact id: '862954b4af1b587f140138e9745ee965') in 0.150774 seconds
Number of updated asset objects reloaded before import = 0
Number of asset objects unloaded after import = 8
========================================================================
Received Import Request.
  Time since last request: 5.138776 seconds.
  path: Assets/CoffeeShopStarterPack/Prefabs/Gameplay/OrderRepresentation.prefab
  artifactKey: Guid(a1f504b250f85472aa056582a234d53f) Importer(815301076,1909f56bfc062723c751e8b465ee728b)
Start importing Assets/CoffeeShopStarterPack/Prefabs/Gameplay/OrderRepresentation.prefab using Guid(a1f504b250f85472aa056582a234d53f) Importer(815301076,1909f56bfc062723c751e8b465ee728b)  -> (artifact id: 'e5cbe7658433deb9725bc98358a70597') in 0.003248 seconds
Number of updated asset objects reloaded before import = 0
Number of asset objects unloaded after import = 23
========================================================================
Received Import Request.
  Time since last request: 0.000012 seconds.
  path: Assets/CoffeeShopStarterPack/Prefabs/Gameplay/ProductWithCover2.prefab
  artifactKey: Guid(76cd75a9350bc4e99828d9e48aa31ffd) Importer(815301076,1909f56bfc062723c751e8b465ee728b)
Start importing Assets/CoffeeShopStarterPack/Prefabs/Gameplay/ProductWithCover2.prefab using Guid(76cd75a9350bc4e99828d9e48aa31ffd) Importer(815301076,1909f56bfc062723c751e8b465ee728b)  -> (artifact id: 'a4687bc13ada90913d029429feb303a4') in 0.017322 seconds
Number of updated asset objects reloaded before import = 0
Number of asset objects unloaded after import = 66
========================================================================
Received Import Request.
  Time since last request: 0.000022 seconds.
  path: Assets/CoffeeShopStarterPack/Prefabs/Gameplay/PW_stove_cookingObject.prefab
  artifactKey: Guid(aeccd2eff0a52479194364890363dda1) Importer(815301076,1909f56bfc062723c751e8b465ee728b)
Start importing Assets/CoffeeShopStarterPack/Prefabs/Gameplay/PW_stove_cookingObject.prefab using Guid(aeccd2eff0a52479194364890363dda1) Importer(815301076,1909f56bfc062723c751e8b465ee728b)  -> (artifact id: '48ae7ea1826c8a85331c79d9d69b68d0') in 0.017017 seconds
Number of updated asset objects reloaded before import = 0
Number of asset objects unloaded after import = 66
========================================================================
Received Import Request.
  Time since last request: 0.000020 seconds.
  path: Assets/CoffeeShopStarterPack/Prefabs/Gameplay/PW_tea_pot_Interactable.prefab
  artifactKey: Guid(55c9aefe9fe274201bea0c3d22de1acc) Importer(815301076,1909f56bfc062723c751e8b465ee728b)
Start importing Assets/CoffeeShopStarterPack/Prefabs/Gameplay/PW_tea_pot_Interactable.prefab using Guid(55c9aefe9fe274201bea0c3d22de1acc) Importer(815301076,1909f56bfc062723c751e8b465ee728b)  -> (artifact id: '1965edd54453ffbcba5755501b7ad418') in 0.015236 seconds
Number of updated asset objects reloaded before import = 0
Number of asset objects unloaded after import = 37
========================================================================
Received Import Request.
  Time since last request: 0.000021 seconds.
  path: Assets/CoffeeShopStarterPack/Prefabs/Gameplay/PW_microwave_interactable.prefab
  artifactKey: Guid(4269506dcb6ad41a8a58a18ed8af1cdd) Importer(815301076,1909f56bfc062723c751e8b465ee728b)
Start importing Assets/CoffeeShopStarterPack/Prefabs/Gameplay/PW_microwave_interactable.prefab using Guid(4269506dcb6ad41a8a58a18ed8af1cdd) Importer(815301076,1909f56bfc062723c751e8b465ee728b)  -> (artifact id: 'c8289e8254a8d91719e4cf2710f9790c') in 0.015949 seconds
Number of updated asset objects reloaded before import = 0
Number of asset objects unloaded after import = 61
========================================================================
Received Import Request.
  Time since last request: 0.000013 seconds.
  path: Assets/CoffeeShopStarterPack/Prefabs/Gameplay/PW_frenchtoast_egg _cookable.prefab
  artifactKey: Guid(18b7cb44d2e1640768d8ac9469d450fc) Importer(815301076,1909f56bfc062723c751e8b465ee728b)
Start importing Assets/CoffeeShopStarterPack/Prefabs/Gameplay/PW_frenchtoast_egg _cookable.prefab using Guid(18b7cb44d2e1640768d8ac9469d450fc) Importer(815301076,1909f56bfc062723c751e8b465ee728b)  -> (artifact id: '6dad191f23143049cc0a4a25c9a76f09') in 0.012905 seconds
Number of updated asset objects reloaded before import = 0
Number of asset objects unloaded after import = 23
========================================================================
Received Import Request.
  Time since last request: 2.137383 seconds.
  path: Assets/CoffeeShopStarterPack/Prefabs/UI/ProgressHelper.prefab
  artifactKey: Guid(8b4e4f565d72344058691a81e422c14d) Importer(815301076,1909f56bfc062723c751e8b465ee728b)
Start importing Assets/CoffeeShopStarterPack/Prefabs/UI/ProgressHelper.prefab using Guid(8b4e4f565d72344058691a81e422c14d) Importer(815301076,1909f56bfc062723c751e8b465ee728b)  -> (artifact id: '8160446c9f5b0c810d0ee4b7fd4d4a1a') in 0.003618 seconds
Number of updated asset objects reloaded before import = 0
Number of asset objects unloaded after import = 23
========================================================================
Received Import Request.
  Time since last request: 4.813871 seconds.
  path: Assets/CoffeeShopStarterPack/Textures/bar.png
  artifactKey: Guid(9f5b42e6619444d599114333c7341d05) Importer(815301076,1909f56bfc062723c751e8b465ee728b)
Start importing Assets/CoffeeShopStarterPack/Textures/bar.png using Guid(9f5b42e6619444d599114333c7341d05) Importer(815301076,1909f56bfc062723c751e8b465ee728b)  -> (artifact id: '0ebb3b940d589e3601656a9e643a2eb1') in 0.044111 seconds
Number of updated asset objects reloaded before import = 0
Number of asset objects unloaded after import = 3
========================================================================
Received Import Request.
  Time since last request: 1.145250 seconds.
  path: Assets/CoffeeShopStarterPack/UI/rubbish-bin.png
  artifactKey: Guid(a5bf8ae78094a49e5aebb55468c3c5c5) Importer(815301076,1909f56bfc062723c751e8b465ee728b)
Start importing Assets/CoffeeShopStarterPack/UI/rubbish-bin.png using Guid(a5bf8ae78094a49e5aebb55468c3c5c5) Importer(815301076,1909f56bfc062723c751e8b465ee728b)  -> (artifact id: 'a2b488846dbf2729e90a7f13a0dc46ea') in 0.026919 seconds
Number of updated asset objects reloaded before import = 0
Number of asset objects unloaded after import = 3
========================================================================
Received Import Request.
  Time since last request: 18.963575 seconds.
  path: Assets/CoffeeShopStarterPack/Models
  artifactKey: Guid(7906fe4c002f94a4ab4fa58e7df1c748) Importer(815301076,1909f56bfc062723c751e8b465ee728b)
Start importing Assets/CoffeeShopStarterPack/Models using Guid(7906fe4c002f94a4ab4fa58e7df1c748) Importer(815301076,1909f56bfc062723c751e8b465ee728b)  -> (artifact id: 'c02d08944c5b164f1ed2e9bbc382f454') in 0.000538 seconds
Number of updated asset objects reloaded before import = 0
Number of asset objects unloaded after import = 0
========================================================================
Received Import Request.
  Time since last request: 165.153178 seconds.
  path: Assets/Scripts
  artifactKey: Guid(53d218ba45da37840be252b1c357b2c6) Importer(815301076,1909f56bfc062723c751e8b465ee728b)
Start importing Assets/Scripts using Guid(53d218ba45da37840be252b1c357b2c6) Importer(815301076,1909f56bfc062723c751e8b465ee728b)  -> (artifact id: '7dfb792ef355dee047ba930c167ed4c8') in 0.000491 seconds
Number of updated asset objects reloaded before import = 0
Number of asset objects unloaded after import = 0
========================================================================
Received Import Request.
  Time since last request: 9.132285 seconds.
  path: Assets/Scripts/New Script Graph.asset
  artifactKey: Guid(9c72ae493fd4b6e4882511cc6de5e437) Importer(815301076,1909f56bfc062723c751e8b465ee728b)
Start importing Assets/Scripts/New Script Graph.asset using Guid(9c72ae493fd4b6e4882511cc6de5e437) Importer(815301076,1909f56bfc062723c751e8b465ee728b)  -> (artifact id: '3a868c9e955ab2eff62e4032674d03eb') in 0.194434 seconds
Number of updated asset objects reloaded before import = 0
Number of asset objects unloaded after import = 1
========================================================================
Received Import Request.
  Time since last request: 26.591875 seconds.
  path: Assets/Scripts/EventMouse.asset
  artifactKey: Guid(9c72ae493fd4b6e4882511cc6de5e437) Importer(815301076,1909f56bfc062723c751e8b465ee728b)
Start importing Assets/Scripts/EventMouse.asset using Guid(9c72ae493fd4b6e4882511cc6de5e437) Importer(815301076,1909f56bfc062723c751e8b465ee728b)  -> (artifact id: '0bd3f3fd0b8ccc9fb68f3406c5539a48') in 0.001691 seconds
Number of updated asset objects reloaded before import = 0
Number of asset objects unloaded after import = 1
========================================================================
Received Import Request.
  Time since last request: 64.989626 seconds.
  path: Assets/Scripts/EventClicked.asset
  artifactKey: Guid(9c72ae493fd4b6e4882511cc6de5e437) Importer(815301076,1909f56bfc062723c751e8b465ee728b)
Start importing Assets/Scripts/EventClicked.asset using Guid(9c72ae493fd4b6e4882511cc6de5e437) Importer(815301076,1909f56bfc062723c751e8b465ee728b)  -> (artifact id: '92761cfe48de49d73c3509a7228893e6') in 0.001759 seconds
Number of updated asset objects reloaded before import = 0
Number of asset objects unloaded after import = 1
